-- The C compiler identification is GNU 13.2.0
-- The CXX compiler identification is GNU 13.2.0
-- Detecting C compiler ABI info
-- Detecting C compiler ABI info - done
-- Check for working C compiler: /usr/bin/cc - skipped
-- Detecting C compile features
-- Detecting C compile features - done
-- Detecting CXX compiler ABI info
-- Detecting CXX compiler ABI info - done
-- Check for working CXX compiler: /usr/bin/c++ - skipped
-- Detecting CXX compile features
-- Detecting CXX compile features - done
-- Found pluginlib: 5.4.2 (/opt/ros/jazzy/share/pluginlib/cmake)
-- Found Python3: /usr/bin/python3 (found version "3.12.3") found components: Interpreter 
-- Found TinyXML2 via Config file: /usr/lib/x86_64-linux-gnu/cmake/tinyxml2
-- Found rclpy: 7.1.1 (/opt/ros/jazzy/share/rclpy/cmake)
-- Found hardware_interface: 4.15.0 (/opt/ros/jazzy/share/hardware_interface/cmake)
-- Found rosidl_generator_c: 4.6.3 (/opt/ros/jazzy/share/rosidl_generator_c/cmake)
-- Found rosidl_generator_cpp: 4.6.3 (/opt/ros/jazzy/share/rosidl_generator_cpp/cmake)
-- Using all available rosidl_typesupport_c: rosidl_typesupport_fastrtps_c;rosidl_typesupport_introspection_c
-- Using all available rosidl_typesupport_cpp: rosidl_typesupport_fastrtps_cpp;rosidl_typesupport_introspection_cpp
-- Found rmw_implementation_cmake: 7.3.1 (/opt/ros/jazzy/share/rmw_implementation_cmake/cmake)
-- Found rmw_fastrtps_cpp: 8.4.1 (/opt/ros/jazzy/share/rmw_fastrtps_cpp/cmake)
-- Found TinyXML2 via Config file: /usr/lib/x86_64-linux-gnu/cmake/tinyxml2
-- Found OpenSSL: /usr/lib/x86_64-linux-gnu/libcrypto.so (found version "3.0.13")  
-- Found TinyXML2 via Config file: /usr/lib/x86_64-linux-gnu/cmake/tinyxml2
-- Found FastRTPS: /opt/ros/jazzy/include (Required is at least version "2.13") 
-- Found TinyXML2 via Config file: /usr/lib/x86_64-linux-gnu/cmake/tinyxml2
-- Found TinyXML2 via Config file: /usr/lib/x86_64-linux-gnu/cmake/tinyxml2
-- Using RMW implementation 'rmw_fastrtps_cpp' as default
-- Found ros2_controllers: 4.12.1 (/opt/ros/jazzy/share/ros2_controllers/cmake)
-- Found diff_drive_controller: 4.12.1 (/opt/ros/jazzy/share/diff_drive_controller/cmake)
-- Found parameter_traits: 0.3.8 (/opt/ros/jazzy/share/parameter_traits/cmake)
-- Found ros2_control: 4.15.0 (/opt/ros/jazzy/share/ros2_control/cmake)
-- Found controller_manager: 4.15.0 (/opt/ros/jazzy/share/controller_manager/cmake)
-- Found yaml_cpp_vendor: 9.0.0 (/opt/ros/jazzy/share/yaml_cpp_vendor/cmake)
-- Setting yaml-cpp_DIR to: '/opt/ros/jazzy/share/yaml_cpp_vendor/cmake/../../../opt/yaml_cpp_vendor/share/cmake/yaml-cpp'
-- Found ament_lint_auto: 0.17.1 (/opt/ros/jazzy/share/ament_lint_auto/cmake)
-- Added test 'flake8' to check Python code syntax and style conventions
-- Configured 'flake8' exclude dirs and/or files: 
-- Added test 'lint_cmake' to check CMake code style
-- Added test 'pep257' to check Python code against some of the docstring style conventions in PEP 257
-- Added test 'xmllint' to check XML markup files
-- Configuring done (1.5s)
-- Generating done (0.0s)
-- Build files have been written to: /home/riplab/GIT/iir-ws/build/iir_base
Built target ament_cmake_python_copy_src
running egg_info
creating src.egg-info
writing src.egg-info/PKG-INFO
writing dependency_links to src.egg-info/dependency_links.txt
writing top-level names to src.egg-info/top_level.txt
writing manifest file 'src.egg-info/SOURCES.txt'
reading manifest file 'src.egg-info/SOURCES.txt'
writing manifest file 'src.egg-info/SOURCES.txt'
Built target ament_cmake_python_build_src_egg
-- Install configuration: ""
-- Installing: /home/riplab/GIT/iir-ws/install/iir_base/share/iir_base/environment/pythonpath.sh
-- Installing: /home/riplab/GIT/iir-ws/install/iir_base/share/iir_base/environment/pythonpath.dsv
-- Installing: /home/riplab/GIT/iir-ws/install/iir_base/lib/python3.12/site-packages/src-0.0.0-py3.12.egg-info
-- Installing: /home/riplab/GIT/iir-ws/install/iir_base/lib/python3.12/site-packages/src-0.0.0-py3.12.egg-info/PKG-INFO
-- Installing: /home/riplab/GIT/iir-ws/install/iir_base/lib/python3.12/site-packages/src-0.0.0-py3.12.egg-info/SOURCES.txt
-- Installing: /home/riplab/GIT/iir-ws/install/iir_base/lib/python3.12/site-packages/src-0.0.0-py3.12.egg-info/dependency_links.txt
-- Installing: /home/riplab/GIT/iir-ws/install/iir_base/lib/python3.12/site-packages/src-0.0.0-py3.12.egg-info/top_level.txt
-- Installing: /home/riplab/GIT/iir-ws/install/iir_base/lib/python3.12/site-packages/src
-- Installing: /home/riplab/GIT/iir-ws/install/iir_base/lib/python3.12/site-packages/src/__init__.py
-- Installing: /home/riplab/GIT/iir-ws/install/iir_base/lib/python3.12/site-packages/src/scripts
-- Installing: /home/riplab/GIT/iir-ws/install/iir_base/lib/python3.12/site-packages/src/scripts/tf2_publish.py
Listing '/home/riplab/GIT/iir-ws/install/iir_base/lib/python3.12/site-packages/src'...
Compiling '/home/riplab/GIT/iir-ws/install/iir_base/lib/python3.12/site-packages/src/__init__.py'...
Listing '/home/riplab/GIT/iir-ws/install/iir_base/lib/python3.12/site-packages/src/scripts'...
Compiling '/home/riplab/GIT/iir-ws/install/iir_base/lib/python3.12/site-packages/src/scripts/tf2_publish.py'...
-- Installing: /home/riplab/GIT/iir-ws/install/iir_base/share/iir_base/urdf
-- Installing: /home/riplab/GIT/iir-ws/install/iir_base/share/iir_base/urdf/real.urdf
-- Installing: /home/riplab/GIT/iir-ws/install/iir_base/share/iir_base/urdf/iirbot.ros2_control.xacro
-- Installing: /home/riplab/GIT/iir-ws/install/iir_base/share/iir_base/urdf/iir_description.urdf.xacro
-- Installing: /home/riplab/GIT/iir-ws/install/iir_base/share/iir_base/urdf/iirbot.urdf.xacro
-- Installing: /home/riplab/GIT/iir-ws/install/iir_base/share/iir_base/urdf/iir.materials.xacro
-- Installing: /home/riplab/GIT/iir-ws/install/iir_base/share/iir_base/launch
-- Installing: /home/riplab/GIT/iir-ws/install/iir_base/share/iir_base/launch/view_robot.launch.py
-- Installing: /home/riplab/GIT/iir-ws/install/iir_base/share/iir_base/launch/diffbot.launch.py
-- Installing: /home/riplab/GIT/iir-ws/install/iir_base/share/iir_base/config
-- Installing: /home/riplab/GIT/iir-ws/install/iir_base/share/iir_base/config/iirbot_view.rviz
-- Installing: /home/riplab/GIT/iir-ws/install/iir_base/share/iir_base/config/diffbot_controllers.yaml
-- Installing: /home/riplab/GIT/iir-ws/install/iir_base/share/iir_base/config/ekf.yaml
-- Installing: /home/riplab/GIT/iir-ws/install/iir_base/share/iir_base/config/nav2_default_view.rviz
-- Installing: /home/riplab/GIT/iir-ws/install/iir_base/share/iir_base/config/gz_ros_bridge.yaml
-- Installing: /home/riplab/GIT/iir-ws/install/iir_base/share/iir_base/src
-- Installing: /home/riplab/GIT/iir-ws/install/iir_base/share/iir_base/src/__init__.py
-- Installing: /home/riplab/GIT/iir-ws/install/iir_base/share/iir_base/src/scripts
-- Installing: /home/riplab/GIT/iir-ws/install/iir_base/share/iir_base/src/scripts/tf2_publish.py
-- Installing: /home/riplab/GIT/iir-ws/install/iir_base/lib/iir_base/tf2_publish.py
-- Installing: /home/riplab/GIT/iir-ws/install/iir_base/share/ament_index/resource_index/package_run_dependencies/iir_base
-- Installing: /home/riplab/GIT/iir-ws/install/iir_base/share/ament_index/resource_index/parent_prefix_path/iir_base
-- Installing: /home/riplab/GIT/iir-ws/install/iir_base/share/iir_base/environment/ament_prefix_path.sh
-- Installing: /home/riplab/GIT/iir-ws/install/iir_base/share/iir_base/environment/ament_prefix_path.dsv
-- Installing: /home/riplab/GIT/iir-ws/install/iir_base/share/iir_base/environment/path.sh
-- Installing: /home/riplab/GIT/iir-ws/install/iir_base/share/iir_base/environment/path.dsv
-- Installing: /home/riplab/GIT/iir-ws/install/iir_base/share/iir_base/local_setup.bash
-- Installing: /home/riplab/GIT/iir-ws/install/iir_base/share/iir_base/local_setup.sh
-- Installing: /home/riplab/GIT/iir-ws/install/iir_base/share/iir_base/local_setup.zsh
-- Installing: /home/riplab/GIT/iir-ws/install/iir_base/share/iir_base/local_setup.dsv
-- Installing: /home/riplab/GIT/iir-ws/install/iir_base/share/iir_base/package.dsv
-- Installing: /home/riplab/GIT/iir-ws/install/iir_base/share/ament_index/resource_index/packages/iir_base
-- Installing: /home/riplab/GIT/iir-ws/install/iir_base/share/iir_base/cmake/ament_cmake_export_dependencies-extras.cmake
-- Installing: /home/riplab/GIT/iir-ws/install/iir_base/share/iir_base/cmake/iir_baseConfig.cmake
-- Installing: /home/riplab/GIT/iir-ws/install/iir_base/share/iir_base/cmake/iir_baseConfig-version.cmake
-- Installing: /home/riplab/GIT/iir-ws/install/iir_base/share/iir_base/package.xml
