[0.013s] Invoking command in '/home/riplab/GIT/iir-ws/build/iir_base': CMAKE_PREFIX_PATH=${CMAKE_PREFIX_PATH}:/opt/ros/jazzy DEBUGINFOD_URLS=https://debuginfod.ubuntu.com /usr/bin/cmake /home/riplab/GIT/iir-ws/src/IIR_base -DCMAKE_INSTALL_PREFIX=/home/riplab/GIT/iir-ws/install/iir_base
[0.059s] -- The C compiler identification is GNU 13.2.0
[0.104s] -- The CXX compiler identification is GNU 13.2.0
[0.116s] -- Detecting C compiler ABI info
[0.184s] -- Detecting C compiler ABI info - done
[0.192s] -- Check for working C compiler: /usr/bin/cc - skipped
[0.192s] -- Detecting C compile features
[0.193s] -- Detecting C compile features - done
[0.199s] -- Detecting CXX compiler ABI info
[0.275s] -- Detecting CXX compiler ABI info - done
[0.283s] -- Check for working CXX compiler: /usr/bin/c++ - skipped
[0.283s] -- Detecting CXX compile features
[0.284s] -- Detecting CXX compile features - done
[0.287s] -- Found pluginlib: 5.4.2 (/opt/ros/jazzy/share/pluginlib/cmake)
[0.404s] -- Found Python3: /usr/bin/python3 (found version "3.12.3") found components: Interpreter 
[0.535s] -- Found TinyXML2 via Config file: /usr/lib/x86_64-linux-gnu/cmake/tinyxml2
[0.540s] -- Found rclpy: 7.1.1 (/opt/ros/jazzy/share/rclpy/cmake)
[0.542s] -- Found hardware_interface: 4.15.0 (/opt/ros/jazzy/share/hardware_interface/cmake)
[0.576s] -- Found rosidl_generator_c: 4.6.3 (/opt/ros/jazzy/share/rosidl_generator_c/cmake)
[0.591s] -- Found rosidl_generator_cpp: 4.6.3 (/opt/ros/jazzy/share/rosidl_generator_cpp/cmake)
[0.607s] -- Using all available rosidl_typesupport_c: rosidl_typesupport_fastrtps_c;rosidl_typesupport_introspection_c
[0.621s] -- Using all available rosidl_typesupport_cpp: rosidl_typesupport_fastrtps_cpp;rosidl_typesupport_introspection_cpp
[0.861s] -- Found rmw_implementation_cmake: 7.3.1 (/opt/ros/jazzy/share/rmw_implementation_cmake/cmake)
[0.864s] -- Found rmw_fastrtps_cpp: 8.4.1 (/opt/ros/jazzy/share/rmw_fastrtps_cpp/cmake)
[0.887s] -- Found TinyXML2 via Config file: /usr/lib/x86_64-linux-gnu/cmake/tinyxml2
[0.923s] -- Found OpenSSL: /usr/lib/x86_64-linux-gnu/libcrypto.so (found version "3.0.13")  
[0.926s] -- Found TinyXML2 via Config file: /usr/lib/x86_64-linux-gnu/cmake/tinyxml2
[0.939s] -- Found FastRTPS: /opt/ros/jazzy/include (Required is at least version "2.13") 
[0.941s] -- Found TinyXML2 via Config file: /usr/lib/x86_64-linux-gnu/cmake/tinyxml2
[0.948s] -- Found TinyXML2 via Config file: /usr/lib/x86_64-linux-gnu/cmake/tinyxml2
[0.955s] -- Using RMW implementation 'rmw_fastrtps_cpp' as default
[1.139s] -- Found ros2_controllers: 4.12.1 (/opt/ros/jazzy/share/ros2_controllers/cmake)
[1.141s] -- Found diff_drive_controller: 4.12.1 (/opt/ros/jazzy/share/diff_drive_controller/cmake)
[1.153s] -- Found parameter_traits: 0.3.8 (/opt/ros/jazzy/share/parameter_traits/cmake)
[1.237s] -- Found ros2_control: 4.15.0 (/opt/ros/jazzy/share/ros2_control/cmake)
[1.240s] -- Found controller_manager: 4.15.0 (/opt/ros/jazzy/share/controller_manager/cmake)
[1.304s] -- Found yaml_cpp_vendor: 9.0.0 (/opt/ros/jazzy/share/yaml_cpp_vendor/cmake)
[1.304s] -- Setting yaml-cpp_DIR to: '/opt/ros/jazzy/share/yaml_cpp_vendor/cmake/../../../opt/yaml_cpp_vendor/share/cmake/yaml-cpp'
[1.391s] -- Found ament_lint_auto: 0.17.1 (/opt/ros/jazzy/share/ament_lint_auto/cmake)
[1.499s] -- Added test 'flake8' to check Python code syntax and style conventions
[1.499s] -- Configured 'flake8' exclude dirs and/or files: 
[1.499s] -- Added test 'lint_cmake' to check CMake code style
[1.500s] -- Added test 'pep257' to check Python code against some of the docstring style conventions in PEP 257
[1.501s] -- Added test 'xmllint' to check XML markup files
[1.503s] -- Configuring done (1.5s)
[1.507s] -- Generating done (0.0s)
[1.509s] -- Build files have been written to: /home/riplab/GIT/iir-ws/build/iir_base
[1.518s] Invoked command in '/home/riplab/GIT/iir-ws/build/iir_base' returned '0': CMAKE_PREFIX_PATH=${CMAKE_PREFIX_PATH}:/opt/ros/jazzy DEBUGINFOD_URLS=https://debuginfod.ubuntu.com /usr/bin/cmake /home/riplab/GIT/iir-ws/src/IIR_base -DCMAKE_INSTALL_PREFIX=/home/riplab/GIT/iir-ws/install/iir_base
[1.518s] Invoking command in '/home/riplab/GIT/iir-ws/build/iir_base': CMAKE_PREFIX_PATH=${CMAKE_PREFIX_PATH}:/opt/ros/jazzy DEBUGINFOD_URLS=https://debuginfod.ubuntu.com /usr/bin/cmake --build /home/riplab/GIT/iir-ws/build/iir_base -- -j16 -l16
[1.561s] Built target ament_cmake_python_copy_src
[1.738s] running egg_info
[1.738s] creating src.egg-info
[1.755s] writing src.egg-info/PKG-INFO
[1.755s] writing dependency_links to src.egg-info/dependency_links.txt
[1.756s] writing top-level names to src.egg-info/top_level.txt
[1.756s] writing manifest file 'src.egg-info/SOURCES.txt'
[1.807s] reading manifest file 'src.egg-info/SOURCES.txt'
[1.807s] writing manifest file 'src.egg-info/SOURCES.txt'
[1.826s] Built target ament_cmake_python_build_src_egg
[1.833s] Invoked command in '/home/riplab/GIT/iir-ws/build/iir_base' returned '0': CMAKE_PREFIX_PATH=${CMAKE_PREFIX_PATH}:/opt/ros/jazzy DEBUGINFOD_URLS=https://debuginfod.ubuntu.com /usr/bin/cmake --build /home/riplab/GIT/iir-ws/build/iir_base -- -j16 -l16
[1.850s] Invoking command in '/home/riplab/GIT/iir-ws/build/iir_base': CMAKE_PREFIX_PATH=${CMAKE_PREFIX_PATH}:/opt/ros/jazzy DEBUGINFOD_URLS=https://debuginfod.ubuntu.com /usr/bin/cmake --install /home/riplab/GIT/iir-ws/build/iir_base
[1.855s] -- Install configuration: ""
[1.855s] -- Installing: /home/riplab/GIT/iir-ws/install/iir_base/share/iir_base/environment/pythonpath.sh
[1.856s] -- Installing: /home/riplab/GIT/iir-ws/install/iir_base/share/iir_base/environment/pythonpath.dsv
[1.856s] -- Installing: /home/riplab/GIT/iir-ws/install/iir_base/lib/python3.12/site-packages/src-0.0.0-py3.12.egg-info
[1.856s] -- Installing: /home/riplab/GIT/iir-ws/install/iir_base/lib/python3.12/site-packages/src-0.0.0-py3.12.egg-info/PKG-INFO
[1.856s] -- Installing: /home/riplab/GIT/iir-ws/install/iir_base/lib/python3.12/site-packages/src-0.0.0-py3.12.egg-info/SOURCES.txt
[1.856s] -- Installing: /home/riplab/GIT/iir-ws/install/iir_base/lib/python3.12/site-packages/src-0.0.0-py3.12.egg-info/dependency_links.txt
[1.856s] -- Installing: /home/riplab/GIT/iir-ws/install/iir_base/lib/python3.12/site-packages/src-0.0.0-py3.12.egg-info/top_level.txt
[1.856s] -- Installing: /home/riplab/GIT/iir-ws/install/iir_base/lib/python3.12/site-packages/src
[1.856s] -- Installing: /home/riplab/GIT/iir-ws/install/iir_base/lib/python3.12/site-packages/src/__init__.py
[1.856s] -- Installing: /home/riplab/GIT/iir-ws/install/iir_base/lib/python3.12/site-packages/src/scripts
[1.856s] -- Installing: /home/riplab/GIT/iir-ws/install/iir_base/lib/python3.12/site-packages/src/scripts/tf2_publish.py
[1.884s] Listing '/home/riplab/GIT/iir-ws/install/iir_base/lib/python3.12/site-packages/src'...
[1.884s] Compiling '/home/riplab/GIT/iir-ws/install/iir_base/lib/python3.12/site-packages/src/__init__.py'...
[1.884s] Listing '/home/riplab/GIT/iir-ws/install/iir_base/lib/python3.12/site-packages/src/scripts'...
[1.884s] Compiling '/home/riplab/GIT/iir-ws/install/iir_base/lib/python3.12/site-packages/src/scripts/tf2_publish.py'...
[1.887s] -- Installing: /home/riplab/GIT/iir-ws/install/iir_base/share/iir_base/urdf
[1.888s] -- Installing: /home/riplab/GIT/iir-ws/install/iir_base/share/iir_base/urdf/real.urdf
[1.888s] -- Installing: /home/riplab/GIT/iir-ws/install/iir_base/share/iir_base/urdf/iirbot.ros2_control.xacro
[1.888s] -- Installing: /home/riplab/GIT/iir-ws/install/iir_base/share/iir_base/urdf/iir_description.urdf.xacro
[1.888s] -- Installing: /home/riplab/GIT/iir-ws/install/iir_base/share/iir_base/urdf/iirbot.urdf.xacro
[1.888s] -- Installing: /home/riplab/GIT/iir-ws/install/iir_base/share/iir_base/urdf/iir.materials.xacro
[1.888s] -- Installing: /home/riplab/GIT/iir-ws/install/iir_base/share/iir_base/launch
[1.888s] -- Installing: /home/riplab/GIT/iir-ws/install/iir_base/share/iir_base/launch/view_robot.launch.py
[1.888s] -- Installing: /home/riplab/GIT/iir-ws/install/iir_base/share/iir_base/launch/diffbot.launch.py
[1.888s] -- Installing: /home/riplab/GIT/iir-ws/install/iir_base/share/iir_base/config
[1.888s] -- Installing: /home/riplab/GIT/iir-ws/install/iir_base/share/iir_base/config/iirbot_view.rviz
[1.889s] -- Installing: /home/riplab/GIT/iir-ws/install/iir_base/share/iir_base/config/diffbot_controllers.yaml
[1.889s] -- Installing: /home/riplab/GIT/iir-ws/install/iir_base/share/iir_base/config/ekf.yaml
[1.889s] -- Installing: /home/riplab/GIT/iir-ws/install/iir_base/share/iir_base/config/nav2_default_view.rviz
[1.889s] -- Installing: /home/riplab/GIT/iir-ws/install/iir_base/share/iir_base/config/gz_ros_bridge.yaml
[1.889s] -- Installing: /home/riplab/GIT/iir-ws/install/iir_base/share/iir_base/src
[1.889s] -- Installing: /home/riplab/GIT/iir-ws/install/iir_base/share/iir_base/src/__init__.py
[1.889s] -- Installing: /home/riplab/GIT/iir-ws/install/iir_base/share/iir_base/src/scripts
[1.889s] -- Installing: /home/riplab/GIT/iir-ws/install/iir_base/share/iir_base/src/scripts/tf2_publish.py
[1.889s] -- Installing: /home/riplab/GIT/iir-ws/install/iir_base/lib/iir_base/tf2_publish.py
[1.889s] -- Installing: /home/riplab/GIT/iir-ws/install/iir_base/share/ament_index/resource_index/package_run_dependencies/iir_base
[1.889s] -- Installing: /home/riplab/GIT/iir-ws/install/iir_base/share/ament_index/resource_index/parent_prefix_path/iir_base
[1.889s] -- Installing: /home/riplab/GIT/iir-ws/install/iir_base/share/iir_base/environment/ament_prefix_path.sh
[1.889s] -- Installing: /home/riplab/GIT/iir-ws/install/iir_base/share/iir_base/environment/ament_prefix_path.dsv
[1.889s] -- Installing: /home/riplab/GIT/iir-ws/install/iir_base/share/iir_base/environment/path.sh
[1.889s] -- Installing: /home/riplab/GIT/iir-ws/install/iir_base/share/iir_base/environment/path.dsv
[1.889s] -- Installing: /home/riplab/GIT/iir-ws/install/iir_base/share/iir_base/local_setup.bash
[1.890s] -- Installing: /home/riplab/GIT/iir-ws/install/iir_base/share/iir_base/local_setup.sh
[1.890s] -- Installing: /home/riplab/GIT/iir-ws/install/iir_base/share/iir_base/local_setup.zsh
[1.890s] -- Installing: /home/riplab/GIT/iir-ws/install/iir_base/share/iir_base/local_setup.dsv
[1.890s] -- Installing: /home/riplab/GIT/iir-ws/install/iir_base/share/iir_base/package.dsv
[1.890s] -- Installing: /home/riplab/GIT/iir-ws/install/iir_base/share/ament_index/resource_index/packages/iir_base
[1.890s] -- Installing: /home/riplab/GIT/iir-ws/install/iir_base/share/iir_base/cmake/ament_cmake_export_dependencies-extras.cmake
[1.890s] -- Installing: /home/riplab/GIT/iir-ws/install/iir_base/share/iir_base/cmake/iir_baseConfig.cmake
[1.890s] -- Installing: /home/riplab/GIT/iir-ws/install/iir_base/share/iir_base/cmake/iir_baseConfig-version.cmake
[1.890s] -- Installing: /home/riplab/GIT/iir-ws/install/iir_base/share/iir_base/package.xml
[1.892s] Invoked command in '/home/riplab/GIT/iir-ws/build/iir_base' returned '0': CMAKE_PREFIX_PATH=${CMAKE_PREFIX_PATH}:/opt/ros/jazzy DEBUGINFOD_URLS=https://debuginfod.ubuntu.com /usr/bin/cmake --install /home/riplab/GIT/iir-ws/build/iir_base
