[0.009s] Invoking command in '/home/riplab/GIT/iir-ws/build/iir_sim': CMAKE_PREFIX_PATH=${CMAKE_PREFIX_PATH}:/opt/ros/jazzy DEBUGINFOD_URLS=https://debuginfod.ubuntu.com /usr/bin/cmake /home/riplab/GIT/iir-ws/src/iir_sim -DCMAKE_INSTALL_PREFIX=/home/riplab/GIT/iir-ws/install/iir_sim
[0.051s] -- The C compiler identification is GNU 13.2.0
[0.096s] -- The CXX compiler identification is GNU 13.2.0
[0.108s] -- Detecting C compiler ABI info
[0.176s] -- Detecting C compiler ABI info - done
[0.191s] -- Check for working C compiler: /usr/bin/cc - skipped
[0.192s] -- Detecting C compile features
[0.192s] -- Detecting C compile features - done
[0.201s] -- Detecting CXX compiler ABI info
[0.278s] -- Detecting CXX compiler ABI info - done
[0.286s] -- Check for working CXX compiler: /usr/bin/c++ - skipped
[0.286s] -- Detecting CXX compile features
[0.287s] -- Detecting CXX compile features - done
[0.289s] -- Found ament_cmake: 2.5.2 (/opt/ros/jazzy/share/ament_cmake/cmake)
[0.409s] -- Found Python3: /usr/bin/python3 (found version "3.12.3") found components: Interpreter 
[0.505s] -- Found ament_lint_auto: 0.17.1 (/opt/ros/jazzy/share/ament_lint_auto/cmake)
[0.591s] -- Added test 'flake8' to check Python code syntax and style conventions
[0.591s] -- Configured 'flake8' exclude dirs and/or files: 
[0.591s] -- Added test 'lint_cmake' to check CMake code style
[0.592s] -- Added test 'pep257' to check Python code against some of the docstring style conventions in PEP 257
[0.593s] -- Added test 'xmllint' to check XML markup files
[0.594s] -- Configuring done (0.6s)
[0.596s] -- Generating done (0.0s)
[0.597s] -- Build files have been written to: /home/riplab/GIT/iir-ws/build/iir_sim
[0.601s] Invoked command in '/home/riplab/GIT/iir-ws/build/iir_sim' returned '0': CMAKE_PREFIX_PATH=${CMAKE_PREFIX_PATH}:/opt/ros/jazzy DEBUGINFOD_URLS=https://debuginfod.ubuntu.com /usr/bin/cmake /home/riplab/GIT/iir-ws/src/iir_sim -DCMAKE_INSTALL_PREFIX=/home/riplab/GIT/iir-ws/install/iir_sim
[0.602s] Invoking command in '/home/riplab/GIT/iir-ws/build/iir_sim': CMAKE_PREFIX_PATH=${CMAKE_PREFIX_PATH}:/opt/ros/jazzy DEBUGINFOD_URLS=https://debuginfod.ubuntu.com /usr/bin/cmake --build /home/riplab/GIT/iir-ws/build/iir_sim -- -j16 -l16
[0.629s] Invoked command in '/home/riplab/GIT/iir-ws/build/iir_sim' returned '0': CMAKE_PREFIX_PATH=${CMAKE_PREFIX_PATH}:/opt/ros/jazzy DEBUGINFOD_URLS=https://debuginfod.ubuntu.com /usr/bin/cmake --build /home/riplab/GIT/iir-ws/build/iir_sim -- -j16 -l16
[0.651s] Invoking command in '/home/riplab/GIT/iir-ws/build/iir_sim': CMAKE_PREFIX_PATH=${CMAKE_PREFIX_PATH}:/opt/ros/jazzy DEBUGINFOD_URLS=https://debuginfod.ubuntu.com /usr/bin/cmake --install /home/riplab/GIT/iir-ws/build/iir_sim
[0.657s] -- Install configuration: ""
[0.657s] -- Installing: /home/riplab/GIT/iir-ws/install/iir_sim/share/iir_sim/launch
[0.657s] -- Installing: /home/riplab/GIT/iir-ws/install/iir_sim/share/iir_sim/launch/iir_sim.launch.py
[0.658s] -- Installing: /home/riplab/GIT/iir-ws/install/iir_sim/share/ament_index/resource_index/package_run_dependencies/iir_sim
[0.658s] -- Installing: /home/riplab/GIT/iir-ws/install/iir_sim/share/ament_index/resource_index/parent_prefix_path/iir_sim
[0.658s] -- Installing: /home/riplab/GIT/iir-ws/install/iir_sim/share/iir_sim/environment/ament_prefix_path.sh
[0.658s] -- Installing: /home/riplab/GIT/iir-ws/install/iir_sim/share/iir_sim/environment/ament_prefix_path.dsv
[0.658s] -- Installing: /home/riplab/GIT/iir-ws/install/iir_sim/share/iir_sim/environment/path.sh
[0.658s] -- Installing: /home/riplab/GIT/iir-ws/install/iir_sim/share/iir_sim/environment/path.dsv
[0.658s] -- Installing: /home/riplab/GIT/iir-ws/install/iir_sim/share/iir_sim/local_setup.bash
[0.658s] -- Installing: /home/riplab/GIT/iir-ws/install/iir_sim/share/iir_sim/local_setup.sh
[0.658s] -- Installing: /home/riplab/GIT/iir-ws/install/iir_sim/share/iir_sim/local_setup.zsh
[0.658s] -- Installing: /home/riplab/GIT/iir-ws/install/iir_sim/share/iir_sim/local_setup.dsv
[0.658s] -- Installing: /home/riplab/GIT/iir-ws/install/iir_sim/share/iir_sim/package.dsv
[0.659s] -- Installing: /home/riplab/GIT/iir-ws/install/iir_sim/share/ament_index/resource_index/packages/iir_sim
[0.659s] -- Installing: /home/riplab/GIT/iir-ws/install/iir_sim/share/iir_sim/cmake/iir_simConfig.cmake
[0.659s] -- Installing: /home/riplab/GIT/iir-ws/install/iir_sim/share/iir_sim/cmake/iir_simConfig-version.cmake
[0.659s] -- Installing: /home/riplab/GIT/iir-ws/install/iir_sim/share/iir_sim/package.xml
[0.660s] Invoked command in '/home/riplab/GIT/iir-ws/build/iir_sim' returned '0': CMAKE_PREFIX_PATH=${CMAKE_PREFIX_PATH}:/opt/ros/jazzy DEBUGINFOD_URLS=https://debuginfod.ubuntu.com /usr/bin/cmake --install /home/riplab/GIT/iir-ws/build/iir_sim
