[0.078s] DEBUG:colcon:Command line arguments: ['/usr/bin/colcon', 'build']
[0.078s] DEBUG:colcon:Parsed command line arguments: Namespace(log_base=None, log_level=None, verb_name='build', build_base='build', install_base='install', merge_install=False, symlink_install=False, test_result_base=None, continue_on_error=False, executor='parallel', parallel_workers=16, event_handlers=None, ignore_user_meta=False, metas=['./colcon.meta'], base_paths=['.'], packages_ignore=None, packages_ignore_regex=None, paths=None, packages_up_to=None, packages_up_to_regex=None, packages_above=None, packages_above_and_dependencies=None, packages_above_depth=None, packages_select_by_dep=None, packages_skip_by_dep=None, packages_skip_up_to=None, packages_select_build_failed=False, packages_skip_build_finished=False, packages_select_test_failures=False, packages_skip_test_passed=False, packages_select=None, packages_skip=None, packages_select_regex=None, packages_skip_regex=None, packages_start=None, packages_end=None, cmake_args=None, cmake_target=None, cmake_target_skip_unavailable=False, cmake_clean_cache=False, cmake_clean_first=False, cmake_force_configure=False, ament_cmake_args=None, catkin_cmake_args=None, catkin_skip_building_tests=False, verb_parser=<colcon_defaults.argument_parser.defaults.DefaultArgumentsDecorator object at 0x7056ca0180e0>, verb_extension=<colcon_core.verb.build.BuildVerb object at 0x7056ca1eb560>, main=<bound method BuildVerb.main of <colcon_core.verb.build.BuildVerb object at 0x7056ca1eb560>>)
[0.105s] Level 1:colcon.colcon_core.package_discovery:discover_packages(colcon_meta) check parameters
[0.105s] Level 1:colcon.colcon_core.package_discovery:discover_packages(recursive) check parameters
[0.105s] Level 1:colcon.colcon_core.package_discovery:discover_packages(ignore) check parameters
[0.105s] Level 1:colcon.colcon_core.package_discovery:discover_packages(path) check parameters
[0.105s] Level 1:colcon.colcon_core.package_discovery:discover_packages(colcon_meta) discover
[0.105s] Level 1:colcon.colcon_core.package_discovery:discover_packages(recursive) discover
[0.105s] INFO:colcon.colcon_core.package_discovery:Crawling recursively for packages in '/home/riplab/GIT/iir-ws'
[0.105s] Level 1:colcon.colcon_core.package_identification:_identify(.) by extensions ['ignore', 'ignore_ament_install']
[0.105s] Level 1:colcon.colcon_core.package_identification:_identify(.) by extension 'ignore'
[0.106s] Level 1:colcon.colcon_core.package_identification:_identify(.) by extension 'ignore_ament_install'
[0.106s] Level 1:colcon.colcon_core.package_identification:_identify(.) by extensions ['colcon_pkg']
[0.106s] Level 1:colcon.colcon_core.package_identification:_identify(.) by extension 'colcon_pkg'
[0.106s] Level 1:colcon.colcon_core.package_identification:_identify(.) by extensions ['colcon_meta']
[0.106s] Level 1:colcon.colcon_core.package_identification:_identify(.) by extension 'colcon_meta'
[0.106s] Level 1:colcon.colcon_core.package_identification:_identify(.) by extensions ['ros']
[0.106s] Level 1:colcon.colcon_core.package_identification:_identify(.) by extension 'ros'
[0.124s] Level 1:colcon.colcon_core.package_identification:_identify(.) by extensions ['cmake', 'python']
[0.124s] Level 1:colcon.colcon_core.package_identification:_identify(.) by extension 'cmake'
[0.124s] Level 1:colcon.colcon_core.package_identification:_identify(.) by extension 'python'
[0.124s] Level 1:colcon.colcon_core.package_identification:_identify(.) by extensions ['python_setup_py']
[0.124s] Level 1:colcon.colcon_core.package_identification:_identify(.) by extension 'python_setup_py'
[0.124s] Level 1:colcon.colcon_core.package_identification:_identify(build) by extensions ['ignore', 'ignore_ament_install']
[0.124s] Level 1:colcon.colcon_core.package_identification:_identify(build) by extension 'ignore'
[0.124s] Level 1:colcon.colcon_core.package_identification:_identify(build) ignored
[0.124s] Level 1:colcon.colcon_core.package_identification:_identify(install) by extensions ['ignore', 'ignore_ament_install']
[0.124s] Level 1:colcon.colcon_core.package_identification:_identify(install) by extension 'ignore'
[0.124s] Level 1:colcon.colcon_core.package_identification:_identify(install) ignored
[0.124s] Level 1:colcon.colcon_core.package_identification:_identify(log) by extensions ['ignore', 'ignore_ament_install']
[0.124s] Level 1:colcon.colcon_core.package_identification:_identify(log) by extension 'ignore'
[0.124s] Level 1:colcon.colcon_core.package_identification:_identify(log) ignored
[0.124s] Level 1:colcon.colcon_core.package_identification:_identify(src) by extensions ['ignore', 'ignore_ament_install']
[0.125s] Level 1:colcon.colcon_core.package_identification:_identify(src) by extension 'ignore'
[0.125s] Level 1:colcon.colcon_core.package_identification:_identify(src) by extension 'ignore_ament_install'
[0.125s] Level 1:colcon.colcon_core.package_identification:_identify(src) by extensions ['colcon_pkg']
[0.125s] Level 1:colcon.colcon_core.package_identification:_identify(src) by extension 'colcon_pkg'
[0.125s] Level 1:colcon.colcon_core.package_identification:_identify(src) by extensions ['colcon_meta']
[0.125s] Level 1:colcon.colcon_core.package_identification:_identify(src) by extension 'colcon_meta'
[0.125s] Level 1:colcon.colcon_core.package_identification:_identify(src) by extensions ['ros']
[0.125s] Level 1:colcon.colcon_core.package_identification:_identify(src) by extension 'ros'
[0.125s] Level 1:colcon.colcon_core.package_identification:_identify(src) by extensions ['cmake', 'python']
[0.125s] Level 1:colcon.colcon_core.package_identification:_identify(src) by extension 'cmake'
[0.125s] Level 1:colcon.colcon_core.package_identification:_identify(src) by extension 'python'
[0.125s] Level 1:colcon.colcon_core.package_identification:_identify(src) by extensions ['python_setup_py']
[0.125s] Level 1:colcon.colcon_core.package_identification:_identify(src) by extension 'python_setup_py'
[0.125s] Level 1:colcon.colcon_core.package_identification:_identify(src/IIR_base) by extensions ['ignore', 'ignore_ament_install']
[0.125s] Level 1:colcon.colcon_core.package_identification:_identify(src/IIR_base) by extension 'ignore'
[0.125s] Level 1:colcon.colcon_core.package_identification:_identify(src/IIR_base) by extension 'ignore_ament_install'
[0.125s] Level 1:colcon.colcon_core.package_identification:_identify(src/IIR_base) by extensions ['colcon_pkg']
[0.125s] Level 1:colcon.colcon_core.package_identification:_identify(src/IIR_base) by extension 'colcon_pkg'
[0.125s] Level 1:colcon.colcon_core.package_identification:_identify(src/IIR_base) by extensions ['colcon_meta']
[0.125s] Level 1:colcon.colcon_core.package_identification:_identify(src/IIR_base) by extension 'colcon_meta'
[0.125s] Level 1:colcon.colcon_core.package_identification:_identify(src/IIR_base) by extensions ['ros']
[0.125s] Level 1:colcon.colcon_core.package_identification:_identify(src/IIR_base) by extension 'ros'
[0.127s] DEBUG:colcon.colcon_core.package_identification:Package 'src/IIR_base' with type 'ros.ament_cmake' and name 'iir_base'
[0.128s] Level 1:colcon.colcon_core.package_identification:_identify(src/iir_nav2) by extensions ['ignore', 'ignore_ament_install']
[0.128s] Level 1:colcon.colcon_core.package_identification:_identify(src/iir_nav2) by extension 'ignore'
[0.128s] Level 1:colcon.colcon_core.package_identification:_identify(src/iir_nav2) by extension 'ignore_ament_install'
[0.128s] Level 1:colcon.colcon_core.package_identification:_identify(src/iir_nav2) by extensions ['colcon_pkg']
[0.128s] Level 1:colcon.colcon_core.package_identification:_identify(src/iir_nav2) by extension 'colcon_pkg'
[0.128s] Level 1:colcon.colcon_core.package_identification:_identify(src/iir_nav2) by extensions ['colcon_meta']
[0.128s] Level 1:colcon.colcon_core.package_identification:_identify(src/iir_nav2) by extension 'colcon_meta'
[0.128s] Level 1:colcon.colcon_core.package_identification:_identify(src/iir_nav2) by extensions ['ros']
[0.128s] Level 1:colcon.colcon_core.package_identification:_identify(src/iir_nav2) by extension 'ros'
[0.129s] DEBUG:colcon.colcon_core.package_identification:Package 'src/iir_nav2' with type 'ros.ament_cmake' and name 'iir_nav2'
[0.129s] Level 1:colcon.colcon_core.package_identification:_identify(src/iir_sim) by extensions ['ignore', 'ignore_ament_install']
[0.129s] Level 1:colcon.colcon_core.package_identification:_identify(src/iir_sim) by extension 'ignore'
[0.129s] Level 1:colcon.colcon_core.package_identification:_identify(src/iir_sim) by extension 'ignore_ament_install'
[0.129s] Level 1:colcon.colcon_core.package_identification:_identify(src/iir_sim) by extensions ['colcon_pkg']
[0.129s] Level 1:colcon.colcon_core.package_identification:_identify(src/iir_sim) by extension 'colcon_pkg'
[0.129s] Level 1:colcon.colcon_core.package_identification:_identify(src/iir_sim) by extensions ['colcon_meta']
[0.129s] Level 1:colcon.colcon_core.package_identification:_identify(src/iir_sim) by extension 'colcon_meta'
[0.129s] Level 1:colcon.colcon_core.package_identification:_identify(src/iir_sim) by extensions ['ros']
[0.129s] Level 1:colcon.colcon_core.package_identification:_identify(src/iir_sim) by extension 'ros'
[0.129s] DEBUG:colcon.colcon_core.package_identification:Package 'src/iir_sim' with type 'ros.ament_cmake' and name 'iir_sim'
[0.129s] Level 1:colcon.colcon_core.package_discovery:discover_packages(recursive) using defaults
[0.129s] Level 1:colcon.colcon_core.package_discovery:discover_packages(ignore) discover
[0.129s] Level 1:colcon.colcon_core.package_discovery:discover_packages(ignore) using defaults
[0.129s] Level 1:colcon.colcon_core.package_discovery:discover_packages(path) discover
[0.129s] Level 1:colcon.colcon_core.package_discovery:discover_packages(path) using defaults
[0.142s] Level 5:colcon.colcon_core.verb:set package 'iir_base' build argument 'cmake_args' from command line to 'None'
[0.142s] Level 5:colcon.colcon_core.verb:set package 'iir_base' build argument 'cmake_target' from command line to 'None'
[0.142s] Level 5:colcon.colcon_core.verb:set package 'iir_base' build argument 'cmake_target_skip_unavailable' from command line to 'False'
[0.142s] Level 5:colcon.colcon_core.verb:set package 'iir_base' build argument 'cmake_clean_cache' from command line to 'False'
[0.142s] Level 5:colcon.colcon_core.verb:set package 'iir_base' build argument 'cmake_clean_first' from command line to 'False'
[0.142s] Level 5:colcon.colcon_core.verb:set package 'iir_base' build argument 'cmake_force_configure' from command line to 'False'
[0.142s] Level 5:colcon.colcon_core.verb:set package 'iir_base' build argument 'ament_cmake_args' from command line to 'None'
[0.142s] Level 5:colcon.colcon_core.verb:set package 'iir_base' build argument 'catkin_cmake_args' from command line to 'None'
[0.142s] Level 5:colcon.colcon_core.verb:set package 'iir_base' build argument 'catkin_skip_building_tests' from command line to 'False'
[0.142s] DEBUG:colcon.colcon_core.verb:Building package 'iir_base' with the following arguments: {'ament_cmake_args': None, 'build_base': '/home/riplab/GIT/iir-ws/build/iir_base', 'catkin_cmake_args': None, 'catkin_skip_building_tests': False, 'cmake_args': None, 'cmake_clean_cache': False, 'cmake_clean_first': False, 'cmake_force_configure': False, 'cmake_target': None, 'cmake_target_skip_unavailable': False, 'install_base': '/home/riplab/GIT/iir-ws/install/iir_base', 'merge_install': False, 'path': '/home/riplab/GIT/iir-ws/src/IIR_base', 'symlink_install': False, 'test_result_base': None}
[0.143s] Level 5:colcon.colcon_core.verb:set package 'iir_nav2' build argument 'cmake_args' from command line to 'None'
[0.143s] Level 5:colcon.colcon_core.verb:set package 'iir_nav2' build argument 'cmake_target' from command line to 'None'
[0.143s] Level 5:colcon.colcon_core.verb:set package 'iir_nav2' build argument 'cmake_target_skip_unavailable' from command line to 'False'
[0.143s] Level 5:colcon.colcon_core.verb:set package 'iir_nav2' build argument 'cmake_clean_cache' from command line to 'False'
[0.143s] Level 5:colcon.colcon_core.verb:set package 'iir_nav2' build argument 'cmake_clean_first' from command line to 'False'
[0.143s] Level 5:colcon.colcon_core.verb:set package 'iir_nav2' build argument 'cmake_force_configure' from command line to 'False'
[0.143s] Level 5:colcon.colcon_core.verb:set package 'iir_nav2' build argument 'ament_cmake_args' from command line to 'None'
[0.143s] Level 5:colcon.colcon_core.verb:set package 'iir_nav2' build argument 'catkin_cmake_args' from command line to 'None'
[0.143s] Level 5:colcon.colcon_core.verb:set package 'iir_nav2' build argument 'catkin_skip_building_tests' from command line to 'False'
[0.143s] DEBUG:colcon.colcon_core.verb:Building package 'iir_nav2' with the following arguments: {'ament_cmake_args': None, 'build_base': '/home/riplab/GIT/iir-ws/build/iir_nav2', 'catkin_cmake_args': None, 'catkin_skip_building_tests': False, 'cmake_args': None, 'cmake_clean_cache': False, 'cmake_clean_first': False, 'cmake_force_configure': False, 'cmake_target': None, 'cmake_target_skip_unavailable': False, 'install_base': '/home/riplab/GIT/iir-ws/install/iir_nav2', 'merge_install': False, 'path': '/home/riplab/GIT/iir-ws/src/iir_nav2', 'symlink_install': False, 'test_result_base': None}
[0.143s] Level 5:colcon.colcon_core.verb:set package 'iir_sim' build argument 'cmake_args' from command line to 'None'
[0.143s] Level 5:colcon.colcon_core.verb:set package 'iir_sim' build argument 'cmake_target' from command line to 'None'
[0.143s] Level 5:colcon.colcon_core.verb:set package 'iir_sim' build argument 'cmake_target_skip_unavailable' from command line to 'False'
[0.143s] Level 5:colcon.colcon_core.verb:set package 'iir_sim' build argument 'cmake_clean_cache' from command line to 'False'
[0.143s] Level 5:colcon.colcon_core.verb:set package 'iir_sim' build argument 'cmake_clean_first' from command line to 'False'
[0.143s] Level 5:colcon.colcon_core.verb:set package 'iir_sim' build argument 'cmake_force_configure' from command line to 'False'
[0.143s] Level 5:colcon.colcon_core.verb:set package 'iir_sim' build argument 'ament_cmake_args' from command line to 'None'
[0.143s] Level 5:colcon.colcon_core.verb:set package 'iir_sim' build argument 'catkin_cmake_args' from command line to 'None'
[0.143s] Level 5:colcon.colcon_core.verb:set package 'iir_sim' build argument 'catkin_skip_building_tests' from command line to 'False'
[0.143s] DEBUG:colcon.colcon_core.verb:Building package 'iir_sim' with the following arguments: {'ament_cmake_args': None, 'build_base': '/home/riplab/GIT/iir-ws/build/iir_sim', 'catkin_cmake_args': None, 'catkin_skip_building_tests': False, 'cmake_args': None, 'cmake_clean_cache': False, 'cmake_clean_first': False, 'cmake_force_configure': False, 'cmake_target': None, 'cmake_target_skip_unavailable': False, 'install_base': '/home/riplab/GIT/iir-ws/install/iir_sim', 'merge_install': False, 'path': '/home/riplab/GIT/iir-ws/src/iir_sim', 'symlink_install': False, 'test_result_base': None}
[0.143s] INFO:colcon.colcon_core.executor:Executing jobs using 'parallel' executor
[0.144s] DEBUG:colcon.colcon_parallel_executor.executor.parallel:run_until_complete
[0.144s] INFO:colcon.colcon_ros.task.ament_cmake.build:Building ROS package in '/home/riplab/GIT/iir-ws/src/IIR_base' with build type 'ament_cmake'
[0.144s] INFO:colcon.colcon_cmake.task.cmake.build:Building CMake package in '/home/riplab/GIT/iir-ws/src/IIR_base'
[0.145s] INFO:colcon.colcon_core.plugin_system:Skipping extension 'colcon_core.shell.bat': Not used on non-Windows systems
[0.146s] DEBUG:colcon.colcon_core.shell:Skip shell extension 'dsv' for command environment
[0.149s] INFO:colcon.colcon_ros.task.ament_cmake.build:Building ROS package in '/home/riplab/GIT/iir-ws/src/iir_nav2' with build type 'ament_cmake'
[0.150s] INFO:colcon.colcon_cmake.task.cmake.build:Building CMake package in '/home/riplab/GIT/iir-ws/src/iir_nav2'
[0.150s] DEBUG:colcon.colcon_core.shell:Skip shell extension 'dsv' for command environment
[0.152s] INFO:colcon.colcon_ros.task.ament_cmake.build:Building ROS package in '/home/riplab/GIT/iir-ws/src/iir_sim' with build type 'ament_cmake'
[0.152s] INFO:colcon.colcon_cmake.task.cmake.build:Building CMake package in '/home/riplab/GIT/iir-ws/src/iir_sim'
[0.152s] DEBUG:colcon.colcon_core.shell:Skip shell extension 'dsv' for command environment
[0.158s] DEBUG:colcon.colcon_core.event_handler.log_command:Invoking command in '/home/riplab/GIT/iir-ws/build/iir_base': CMAKE_PREFIX_PATH=${CMAKE_PREFIX_PATH}:/opt/ros/jazzy DEBUGINFOD_URLS=https://debuginfod.ubuntu.com /usr/bin/cmake /home/riplab/GIT/iir-ws/src/IIR_base -DCMAKE_INSTALL_PREFIX=/home/riplab/GIT/iir-ws/install/iir_base
[0.160s] DEBUG:colcon.colcon_core.event_handler.log_command:Invoking command in '/home/riplab/GIT/iir-ws/build/iir_nav2': CMAKE_PREFIX_PATH=${CMAKE_PREFIX_PATH}:/opt/ros/jazzy DEBUGINFOD_URLS=https://debuginfod.ubuntu.com /usr/bin/cmake /home/riplab/GIT/iir-ws/src/iir_nav2 -DCMAKE_INSTALL_PREFIX=/home/riplab/GIT/iir-ws/install/iir_nav2
[0.162s] DEBUG:colcon.colcon_core.event_handler.log_command:Invoking command in '/home/riplab/GIT/iir-ws/build/iir_sim': CMAKE_PREFIX_PATH=${CMAKE_PREFIX_PATH}:/opt/ros/jazzy DEBUGINFOD_URLS=https://debuginfod.ubuntu.com /usr/bin/cmake /home/riplab/GIT/iir-ws/src/iir_sim -DCMAKE_INSTALL_PREFIX=/home/riplab/GIT/iir-ws/install/iir_sim
[0.754s] DEBUG:colcon.colcon_core.event_handler.log_command:Invoked command in '/home/riplab/GIT/iir-ws/build/iir_sim' returned '0': CMAKE_PREFIX_PATH=${CMAKE_PREFIX_PATH}:/opt/ros/jazzy DEBUGINFOD_URLS=https://debuginfod.ubuntu.com /usr/bin/cmake /home/riplab/GIT/iir-ws/src/iir_sim -DCMAKE_INSTALL_PREFIX=/home/riplab/GIT/iir-ws/install/iir_sim
[0.754s] DEBUG:colcon.colcon_core.event_handler.log_command:Invoking command in '/home/riplab/GIT/iir-ws/build/iir_sim': CMAKE_PREFIX_PATH=${CMAKE_PREFIX_PATH}:/opt/ros/jazzy DEBUGINFOD_URLS=https://debuginfod.ubuntu.com /usr/bin/cmake --build /home/riplab/GIT/iir-ws/build/iir_sim -- -j16 -l16
[0.782s] DEBUG:colcon.colcon_core.event_handler.log_command:Invoked command in '/home/riplab/GIT/iir-ws/build/iir_sim' returned '0': CMAKE_PREFIX_PATH=${CMAKE_PREFIX_PATH}:/opt/ros/jazzy DEBUGINFOD_URLS=https://debuginfod.ubuntu.com /usr/bin/cmake --build /home/riplab/GIT/iir-ws/build/iir_sim -- -j16 -l16
[0.791s] DEBUG:colcon.colcon_core.event_handler.log_command:Invoked command in '/home/riplab/GIT/iir-ws/build/iir_nav2' returned '0': CMAKE_PREFIX_PATH=${CMAKE_PREFIX_PATH}:/opt/ros/jazzy DEBUGINFOD_URLS=https://debuginfod.ubuntu.com /usr/bin/cmake /home/riplab/GIT/iir-ws/src/iir_nav2 -DCMAKE_INSTALL_PREFIX=/home/riplab/GIT/iir-ws/install/iir_nav2
[0.791s] DEBUG:colcon.colcon_core.event_handler.log_command:Invoking command in '/home/riplab/GIT/iir-ws/build/iir_nav2': CMAKE_PREFIX_PATH=${CMAKE_PREFIX_PATH}:/opt/ros/jazzy DEBUGINFOD_URLS=https://debuginfod.ubuntu.com /usr/bin/cmake --build /home/riplab/GIT/iir-ws/build/iir_nav2 -- -j16 -l16
[0.804s] DEBUG:colcon.colcon_core.event_handler.log_command:Invoking command in '/home/riplab/GIT/iir-ws/build/iir_sim': CMAKE_PREFIX_PATH=${CMAKE_PREFIX_PATH}:/opt/ros/jazzy DEBUGINFOD_URLS=https://debuginfod.ubuntu.com /usr/bin/cmake --install /home/riplab/GIT/iir-ws/build/iir_sim
[0.812s] Level 1:colcon.colcon_core.environment:create_environment_scripts_only(iir_sim)
[0.813s] DEBUG:colcon.colcon_core.event_handler.log_command:Invoked command in '/home/riplab/GIT/iir-ws/build/iir_sim' returned '0': CMAKE_PREFIX_PATH=${CMAKE_PREFIX_PATH}:/opt/ros/jazzy DEBUGINFOD_URLS=https://debuginfod.ubuntu.com /usr/bin/cmake --install /home/riplab/GIT/iir-ws/build/iir_sim
[0.814s] Level 1:colcon.colcon_core.environment:checking '/home/riplab/GIT/iir-ws/install/iir_sim' for CMake module files
[0.815s] Level 1:colcon.colcon_core.environment:checking '/home/riplab/GIT/iir-ws/install/iir_sim' for CMake config files
[0.815s] Level 1:colcon.colcon_core.shell:create_environment_hook('iir_sim', 'cmake_prefix_path')
[0.815s] INFO:colcon.colcon_core.shell:Creating environment descriptor '/home/riplab/GIT/iir-ws/install/iir_sim/share/iir_sim/hook/cmake_prefix_path.dsv'
[0.815s] INFO:colcon.colcon_core.shell:Creating environment hook '/home/riplab/GIT/iir-ws/install/iir_sim/share/iir_sim/hook/cmake_prefix_path.sh'
[0.816s] Level 1:colcon.colcon_core.environment:checking '/home/riplab/GIT/iir-ws/install/iir_sim/bin'
[0.816s] Level 1:colcon.colcon_core.environment:checking '/home/riplab/GIT/iir-ws/install/iir_sim/lib/pkgconfig/iir_sim.pc'
[0.817s] Level 1:colcon.colcon_core.environment:checking '/home/riplab/GIT/iir-ws/install/iir_sim/lib/python3.12/site-packages'
[0.817s] Level 1:colcon.colcon_core.environment:checking '/home/riplab/GIT/iir-ws/install/iir_sim/bin'
[0.818s] INFO:colcon.colcon_core.shell:Creating package descriptor '/home/riplab/GIT/iir-ws/install/iir_sim/share/iir_sim/package.dsv'
[0.818s] INFO:colcon.colcon_core.shell:Creating package script '/home/riplab/GIT/iir-ws/install/iir_sim/share/iir_sim/package.sh'
[0.818s] INFO:colcon.colcon_core.shell:Creating package script '/home/riplab/GIT/iir-ws/install/iir_sim/share/iir_sim/package.bash'
[0.819s] INFO:colcon.colcon_core.shell:Creating package script '/home/riplab/GIT/iir-ws/install/iir_sim/share/iir_sim/package.zsh'
[0.819s] Level 1:colcon.colcon_core.environment:create_file_with_runtime_dependencies(/home/riplab/GIT/iir-ws/install/iir_sim/share/colcon-core/packages/iir_sim)
[0.821s] DEBUG:colcon.colcon_core.event_handler.log_command:Invoked command in '/home/riplab/GIT/iir-ws/build/iir_nav2' returned '0': CMAKE_PREFIX_PATH=${CMAKE_PREFIX_PATH}:/opt/ros/jazzy DEBUGINFOD_URLS=https://debuginfod.ubuntu.com /usr/bin/cmake --build /home/riplab/GIT/iir-ws/build/iir_nav2 -- -j16 -l16
[0.835s] Level 1:colcon.colcon_core.environment:create_environment_scripts_only(iir_sim)
[0.835s] Level 1:colcon.colcon_core.environment:checking '/home/riplab/GIT/iir-ws/install/iir_sim' for CMake module files
[0.835s] Level 1:colcon.colcon_core.environment:checking '/home/riplab/GIT/iir-ws/install/iir_sim' for CMake config files
[0.835s] Level 1:colcon.colcon_core.shell:create_environment_hook('iir_sim', 'cmake_prefix_path')
[0.836s] INFO:colcon.colcon_core.shell:Creating environment descriptor '/home/riplab/GIT/iir-ws/install/iir_sim/share/iir_sim/hook/cmake_prefix_path.dsv'
[0.836s] INFO:colcon.colcon_core.shell:Creating environment hook '/home/riplab/GIT/iir-ws/install/iir_sim/share/iir_sim/hook/cmake_prefix_path.sh'
[0.836s] Level 1:colcon.colcon_core.environment:checking '/home/riplab/GIT/iir-ws/install/iir_sim/bin'
[0.836s] Level 1:colcon.colcon_core.environment:checking '/home/riplab/GIT/iir-ws/install/iir_sim/lib/pkgconfig/iir_sim.pc'
[0.837s] Level 1:colcon.colcon_core.environment:checking '/home/riplab/GIT/iir-ws/install/iir_sim/lib/python3.12/site-packages'
[0.837s] Level 1:colcon.colcon_core.environment:checking '/home/riplab/GIT/iir-ws/install/iir_sim/bin'
[0.837s] INFO:colcon.colcon_core.shell:Creating package descriptor '/home/riplab/GIT/iir-ws/install/iir_sim/share/iir_sim/package.dsv'
[0.837s] INFO:colcon.colcon_core.shell:Creating package script '/home/riplab/GIT/iir-ws/install/iir_sim/share/iir_sim/package.sh'
[0.837s] INFO:colcon.colcon_core.shell:Creating package script '/home/riplab/GIT/iir-ws/install/iir_sim/share/iir_sim/package.bash'
[0.838s] INFO:colcon.colcon_core.shell:Creating package script '/home/riplab/GIT/iir-ws/install/iir_sim/share/iir_sim/package.zsh'
[0.838s] Level 1:colcon.colcon_core.environment:create_file_with_runtime_dependencies(/home/riplab/GIT/iir-ws/install/iir_sim/share/colcon-core/packages/iir_sim)
[0.839s] DEBUG:colcon.colcon_core.event_handler.log_command:Invoking command in '/home/riplab/GIT/iir-ws/build/iir_nav2': CMAKE_PREFIX_PATH=${CMAKE_PREFIX_PATH}:/opt/ros/jazzy DEBUGINFOD_URLS=https://debuginfod.ubuntu.com /usr/bin/cmake --install /home/riplab/GIT/iir-ws/build/iir_nav2
[0.851s] Level 1:colcon.colcon_core.environment:create_environment_scripts_only(iir_nav2)
[0.851s] DEBUG:colcon.colcon_core.event_handler.log_command:Invoked command in '/home/riplab/GIT/iir-ws/build/iir_nav2' returned '0': CMAKE_PREFIX_PATH=${CMAKE_PREFIX_PATH}:/opt/ros/jazzy DEBUGINFOD_URLS=https://debuginfod.ubuntu.com /usr/bin/cmake --install /home/riplab/GIT/iir-ws/build/iir_nav2
[0.851s] Level 1:colcon.colcon_core.environment:checking '/home/riplab/GIT/iir-ws/install/iir_nav2' for CMake module files
[0.852s] Level 1:colcon.colcon_core.environment:checking '/home/riplab/GIT/iir-ws/install/iir_nav2' for CMake config files
[0.852s] Level 1:colcon.colcon_core.shell:create_environment_hook('iir_nav2', 'cmake_prefix_path')
[0.852s] INFO:colcon.colcon_core.shell:Creating environment descriptor '/home/riplab/GIT/iir-ws/install/iir_nav2/share/iir_nav2/hook/cmake_prefix_path.dsv'
[0.852s] INFO:colcon.colcon_core.shell:Creating environment hook '/home/riplab/GIT/iir-ws/install/iir_nav2/share/iir_nav2/hook/cmake_prefix_path.sh'
[0.853s] Level 1:colcon.colcon_core.environment:checking '/home/riplab/GIT/iir-ws/install/iir_nav2/bin'
[0.853s] Level 1:colcon.colcon_core.environment:checking '/home/riplab/GIT/iir-ws/install/iir_nav2/lib/pkgconfig/iir_nav2.pc'
[0.853s] Level 1:colcon.colcon_core.environment:checking '/home/riplab/GIT/iir-ws/install/iir_nav2/lib/python3.12/site-packages'
[0.853s] Level 1:colcon.colcon_core.environment:checking '/home/riplab/GIT/iir-ws/install/iir_nav2/bin'
[0.853s] INFO:colcon.colcon_core.shell:Creating package descriptor '/home/riplab/GIT/iir-ws/install/iir_nav2/share/iir_nav2/package.dsv'
[0.853s] INFO:colcon.colcon_core.shell:Creating package script '/home/riplab/GIT/iir-ws/install/iir_nav2/share/iir_nav2/package.sh'
[0.854s] INFO:colcon.colcon_core.shell:Creating package script '/home/riplab/GIT/iir-ws/install/iir_nav2/share/iir_nav2/package.bash'
[0.854s] INFO:colcon.colcon_core.shell:Creating package script '/home/riplab/GIT/iir-ws/install/iir_nav2/share/iir_nav2/package.zsh'
[0.854s] Level 1:colcon.colcon_core.environment:create_file_with_runtime_dependencies(/home/riplab/GIT/iir-ws/install/iir_nav2/share/colcon-core/packages/iir_nav2)
[0.870s] Level 1:colcon.colcon_core.environment:create_environment_scripts_only(iir_nav2)
[0.870s] Level 1:colcon.colcon_core.environment:checking '/home/riplab/GIT/iir-ws/install/iir_nav2' for CMake module files
[0.871s] Level 1:colcon.colcon_core.environment:checking '/home/riplab/GIT/iir-ws/install/iir_nav2' for CMake config files
[0.871s] Level 1:colcon.colcon_core.shell:create_environment_hook('iir_nav2', 'cmake_prefix_path')
[0.871s] INFO:colcon.colcon_core.shell:Creating environment descriptor '/home/riplab/GIT/iir-ws/install/iir_nav2/share/iir_nav2/hook/cmake_prefix_path.dsv'
[0.871s] INFO:colcon.colcon_core.shell:Creating environment hook '/home/riplab/GIT/iir-ws/install/iir_nav2/share/iir_nav2/hook/cmake_prefix_path.sh'
[0.872s] Level 1:colcon.colcon_core.environment:checking '/home/riplab/GIT/iir-ws/install/iir_nav2/bin'
[0.872s] Level 1:colcon.colcon_core.environment:checking '/home/riplab/GIT/iir-ws/install/iir_nav2/lib/pkgconfig/iir_nav2.pc'
[0.872s] Level 1:colcon.colcon_core.environment:checking '/home/riplab/GIT/iir-ws/install/iir_nav2/lib/python3.12/site-packages'
[0.872s] Level 1:colcon.colcon_core.environment:checking '/home/riplab/GIT/iir-ws/install/iir_nav2/bin'
[0.872s] INFO:colcon.colcon_core.shell:Creating package descriptor '/home/riplab/GIT/iir-ws/install/iir_nav2/share/iir_nav2/package.dsv'
[0.873s] INFO:colcon.colcon_core.shell:Creating package script '/home/riplab/GIT/iir-ws/install/iir_nav2/share/iir_nav2/package.sh'
[0.873s] INFO:colcon.colcon_core.shell:Creating package script '/home/riplab/GIT/iir-ws/install/iir_nav2/share/iir_nav2/package.bash'
[0.873s] INFO:colcon.colcon_core.shell:Creating package script '/home/riplab/GIT/iir-ws/install/iir_nav2/share/iir_nav2/package.zsh'
[0.873s] Level 1:colcon.colcon_core.environment:create_file_with_runtime_dependencies(/home/riplab/GIT/iir-ws/install/iir_nav2/share/colcon-core/packages/iir_nav2)
[1.662s] DEBUG:colcon.colcon_core.event_handler.log_command:Invoked command in '/home/riplab/GIT/iir-ws/build/iir_base' returned '0': CMAKE_PREFIX_PATH=${CMAKE_PREFIX_PATH}:/opt/ros/jazzy DEBUGINFOD_URLS=https://debuginfod.ubuntu.com /usr/bin/cmake /home/riplab/GIT/iir-ws/src/IIR_base -DCMAKE_INSTALL_PREFIX=/home/riplab/GIT/iir-ws/install/iir_base
[1.663s] DEBUG:colcon.colcon_core.event_handler.log_command:Invoking command in '/home/riplab/GIT/iir-ws/build/iir_base': CMAKE_PREFIX_PATH=${CMAKE_PREFIX_PATH}:/opt/ros/jazzy DEBUGINFOD_URLS=https://debuginfod.ubuntu.com /usr/bin/cmake --build /home/riplab/GIT/iir-ws/build/iir_base -- -j16 -l16
[1.977s] DEBUG:colcon.colcon_core.event_handler.log_command:Invoked command in '/home/riplab/GIT/iir-ws/build/iir_base' returned '0': CMAKE_PREFIX_PATH=${CMAKE_PREFIX_PATH}:/opt/ros/jazzy DEBUGINFOD_URLS=https://debuginfod.ubuntu.com /usr/bin/cmake --build /home/riplab/GIT/iir-ws/build/iir_base -- -j16 -l16
[1.994s] DEBUG:colcon.colcon_core.event_handler.log_command:Invoking command in '/home/riplab/GIT/iir-ws/build/iir_base': CMAKE_PREFIX_PATH=${CMAKE_PREFIX_PATH}:/opt/ros/jazzy DEBUGINFOD_URLS=https://debuginfod.ubuntu.com /usr/bin/cmake --install /home/riplab/GIT/iir-ws/build/iir_base
[2.035s] Level 1:colcon.colcon_core.environment:create_environment_scripts_only(iir_base)
[2.035s] Level 1:colcon.colcon_core.environment:checking '/home/riplab/GIT/iir-ws/install/iir_base' for CMake module files
[2.036s] DEBUG:colcon.colcon_core.event_handler.log_command:Invoked command in '/home/riplab/GIT/iir-ws/build/iir_base' returned '0': CMAKE_PREFIX_PATH=${CMAKE_PREFIX_PATH}:/opt/ros/jazzy DEBUGINFOD_URLS=https://debuginfod.ubuntu.com /usr/bin/cmake --install /home/riplab/GIT/iir-ws/build/iir_base
[2.036s] Level 1:colcon.colcon_core.environment:checking '/home/riplab/GIT/iir-ws/install/iir_base' for CMake config files
[2.036s] Level 1:colcon.colcon_core.shell:create_environment_hook('iir_base', 'cmake_prefix_path')
[2.036s] INFO:colcon.colcon_core.shell:Creating environment descriptor '/home/riplab/GIT/iir-ws/install/iir_base/share/iir_base/hook/cmake_prefix_path.dsv'
[2.036s] INFO:colcon.colcon_core.shell:Creating environment hook '/home/riplab/GIT/iir-ws/install/iir_base/share/iir_base/hook/cmake_prefix_path.sh'
[2.037s] Level 1:colcon.colcon_core.environment:checking '/home/riplab/GIT/iir-ws/install/iir_base/lib'
[2.037s] Level 1:colcon.colcon_core.environment:checking '/home/riplab/GIT/iir-ws/install/iir_base/bin'
[2.037s] Level 1:colcon.colcon_core.environment:checking '/home/riplab/GIT/iir-ws/install/iir_base/lib/pkgconfig/iir_base.pc'
[2.037s] Level 1:colcon.colcon_core.environment:checking '/home/riplab/GIT/iir-ws/install/iir_base/lib/python3.12/site-packages'
[2.037s] Level 1:colcon.colcon_core.shell:create_environment_hook('iir_base', 'pythonpath')
[2.037s] INFO:colcon.colcon_core.shell:Creating environment descriptor '/home/riplab/GIT/iir-ws/install/iir_base/share/iir_base/hook/pythonpath.dsv'
[2.038s] INFO:colcon.colcon_core.shell:Creating environment hook '/home/riplab/GIT/iir-ws/install/iir_base/share/iir_base/hook/pythonpath.sh'
[2.038s] Level 1:colcon.colcon_core.environment:checking '/home/riplab/GIT/iir-ws/install/iir_base/bin'
[2.038s] INFO:colcon.colcon_core.shell:Creating package descriptor '/home/riplab/GIT/iir-ws/install/iir_base/share/iir_base/package.dsv'
[2.038s] INFO:colcon.colcon_core.shell:Creating package script '/home/riplab/GIT/iir-ws/install/iir_base/share/iir_base/package.sh'
[2.039s] INFO:colcon.colcon_core.shell:Creating package script '/home/riplab/GIT/iir-ws/install/iir_base/share/iir_base/package.bash'
[2.039s] INFO:colcon.colcon_core.shell:Creating package script '/home/riplab/GIT/iir-ws/install/iir_base/share/iir_base/package.zsh'
[2.039s] Level 1:colcon.colcon_core.environment:create_file_with_runtime_dependencies(/home/riplab/GIT/iir-ws/install/iir_base/share/colcon-core/packages/iir_base)
[2.056s] Level 1:colcon.colcon_core.environment:create_environment_scripts_only(iir_base)
[2.056s] Level 1:colcon.colcon_core.environment:checking '/home/riplab/GIT/iir-ws/install/iir_base' for CMake module files
[2.056s] Level 1:colcon.colcon_core.environment:checking '/home/riplab/GIT/iir-ws/install/iir_base' for CMake config files
[2.056s] Level 1:colcon.colcon_core.shell:create_environment_hook('iir_base', 'cmake_prefix_path')
[2.057s] INFO:colcon.colcon_core.shell:Creating environment descriptor '/home/riplab/GIT/iir-ws/install/iir_base/share/iir_base/hook/cmake_prefix_path.dsv'
[2.057s] INFO:colcon.colcon_core.shell:Creating environment hook '/home/riplab/GIT/iir-ws/install/iir_base/share/iir_base/hook/cmake_prefix_path.sh'
[2.057s] Level 1:colcon.colcon_core.environment:checking '/home/riplab/GIT/iir-ws/install/iir_base/lib'
[2.057s] Level 1:colcon.colcon_core.environment:checking '/home/riplab/GIT/iir-ws/install/iir_base/bin'
[2.057s] Level 1:colcon.colcon_core.environment:checking '/home/riplab/GIT/iir-ws/install/iir_base/lib/pkgconfig/iir_base.pc'
[2.058s] Level 1:colcon.colcon_core.environment:checking '/home/riplab/GIT/iir-ws/install/iir_base/lib/python3.12/site-packages'
[2.058s] Level 1:colcon.colcon_core.shell:create_environment_hook('iir_base', 'pythonpath')
[2.058s] INFO:colcon.colcon_core.shell:Creating environment descriptor '/home/riplab/GIT/iir-ws/install/iir_base/share/iir_base/hook/pythonpath.dsv'
[2.058s] INFO:colcon.colcon_core.shell:Creating environment hook '/home/riplab/GIT/iir-ws/install/iir_base/share/iir_base/hook/pythonpath.sh'
[2.058s] Level 1:colcon.colcon_core.environment:checking '/home/riplab/GIT/iir-ws/install/iir_base/bin'
[2.059s] INFO:colcon.colcon_core.shell:Creating package descriptor '/home/riplab/GIT/iir-ws/install/iir_base/share/iir_base/package.dsv'
[2.059s] INFO:colcon.colcon_core.shell:Creating package script '/home/riplab/GIT/iir-ws/install/iir_base/share/iir_base/package.sh'
[2.059s] INFO:colcon.colcon_core.shell:Creating package script '/home/riplab/GIT/iir-ws/install/iir_base/share/iir_base/package.bash'
[2.059s] INFO:colcon.colcon_core.shell:Creating package script '/home/riplab/GIT/iir-ws/install/iir_base/share/iir_base/package.zsh'
[2.060s] Level 1:colcon.colcon_core.environment:create_file_with_runtime_dependencies(/home/riplab/GIT/iir-ws/install/iir_base/share/colcon-core/packages/iir_base)
[2.060s] DEBUG:colcon.colcon_parallel_executor.executor.parallel:closing loop
[2.060s] DEBUG:colcon.colcon_parallel_executor.executor.parallel:loop closed
[2.060s] DEBUG:colcon.colcon_parallel_executor.executor.parallel:run_until_complete finished with '0'
[2.060s] DEBUG:colcon.colcon_core.event_reactor:joining thread
[2.065s] INFO:colcon.colcon_core.plugin_system:Skipping extension 'colcon_notification.desktop_notification.terminal_notifier': Not used on non-Darwin systems
[2.065s] INFO:colcon.colcon_core.plugin_system:Skipping extension 'colcon_notification.desktop_notification.win32': Not used on non-Windows systems
[2.065s] INFO:colcon.colcon_notification.desktop_notification:Sending desktop notification using 'notify2'
[2.075s] DEBUG:colcon.colcon_core.event_reactor:joined thread
[2.076s] INFO:colcon.colcon_core.shell:Creating prefix script '/home/riplab/GIT/iir-ws/install/local_setup.sh'
[2.076s] INFO:colcon.colcon_core.shell:Creating prefix util module '/home/riplab/GIT/iir-ws/install/_local_setup_util_sh.py'
[2.077s] INFO:colcon.colcon_core.shell:Creating prefix chain script '/home/riplab/GIT/iir-ws/install/setup.sh'
[2.078s] INFO:colcon.colcon_core.shell:Creating prefix script '/home/riplab/GIT/iir-ws/install/local_setup.bash'
[2.078s] INFO:colcon.colcon_core.shell:Creating prefix chain script '/home/riplab/GIT/iir-ws/install/setup.bash'
[2.078s] INFO:colcon.colcon_core.shell:Creating prefix script '/home/riplab/GIT/iir-ws/install/local_setup.zsh'
[2.079s] INFO:colcon.colcon_core.shell:Creating prefix chain script '/home/riplab/GIT/iir-ws/install/setup.zsh'
